Detecting CXX OpenMP version failed with the following output:
Change Dir: /Users/yuasatakuhiroshi/GitHub/simulation/build/CMakeFiles/CMakeTmp

Run Build Command(s):/Applications/Xcode.app/Contents/Developer/usr/bin/xcodebuild -project CMAKE_TRY_COMPILE.xcodeproj build -target cmTC_dd28a -configuration Debug -hideShellScriptEnvironment && User defaults from command line:
    HideShellScriptEnvironment = YES

Build settings from command line:
    TOOLCHAINS = com.apple.dt.toolchain.XcodeDefault

Prepare build
note: Using legacy build system
=== BUILD TARGET cmTC_dd28a OF PROJECT CMAKE_TRY_COMPILE WITH CONFIGURATION Debug ===

Check dependencies

Write auxiliary files
/bin/mkdir -p /Users/yuasatakuhiroshi/GitHub/simulation/build/CMakeFiles/CMakeTmp/CMAKE_TRY_COMPILE.build/Debug/cmTC_dd28a.build/Objects-normal/x86_64
write-file /Users/yuasatakuhiroshi/GitHub/simulation/build/CMakeFiles/CMakeTmp/CMAKE_TRY_COMPILE.build/Debug/cmTC_dd28a.build/Objects-normal/x86_64/cmTC_dd28a.LinkFileList

CompileC CMAKE_TRY_COMPILE.build/Debug/cmTC_dd28a.build/Objects-normal/x86_64/OpenMPCheckVersion.o /Users/yuasatakuhiroshi/GitHub/simulation/build/CMakeFiles/FindOpenMP/OpenMPCheckVersion.cpp normal x86_64 c++ com.apple.compilers.llvm.clang.1_0.compiler
    cd /Users/yuasatakuhiroshi/GitHub/simulation/build/CMakeFiles/CMakeTmp
    /Applications/Xcode.app/Contents/Developer/Toolchains/XcodeDefault.xctoolchain/usr/bin/clang -x c++ -target x86_64-apple-macos10.14 -fmessage-length=0 -fdiagnostics-show-note-include-stack -fmacro-backtrace-limit=0 -Wno-trigraphs -fpascal-strings -O0 -Wno-missing-field-initializers -Wno-missing-prototypes -Wno-return-type -Wno-non-virtual-dtor -Wno-overloaded-virtual -Wno-exit-time-destructors -Wno-missing-braces -Wparentheses -Wswitch -Wno-unused-function -Wno-unused-label -Wno-unused-parameter -Wno-unused-variable -Wunused-value -Wno-empty-body -Wno-uninitialized -Wno-unknown-pragmas -Wno-shadow -Wno-four-char-constants -Wno-conversion -Wno-constant-conversion -Wno-int-conversion -Wno-bool-conversion -Wno-enum-conversion -Wno-float-conversion -Wno-non-literal-null-conversion -Wno-objc-literal-conversion -Wno-shorten-64-to-32 -Wno-newline-eof -Wno-c++11-extensions -DCMAKE_INTDIR=\"Debug\" -isysroot /Applications/Xcode.app/Contents/Developer/Platforms/MacOSX.platform/Developer/SDKs/MacOSX10.15.sdk -fasm-blocks -fstrict-aliasing -Wdeprecated-declarations -Winvalid-offsetof -g -Wno-sign-conversion -Wno-infinite-recursion -Wno-move -Wno-comma -Wno-block-capture-autoreleasing -Wno-strict-prototypes -Wno-range-loop-analysis -Wno-semicolon-before-method-body -I/Users/yuasatakuhiroshi/GitHub/simulation/build/CMakeFiles/CMakeTmp/Debug/include -I/Users/yuasatakuhiroshi/GitHub/simulation/build/CMakeFiles/CMakeTmp/CMAKE_TRY_COMPILE.build/Debug/cmTC_dd28a.build/DerivedSources-normal/x86_64 -I/Users/yuasatakuhiroshi/GitHub/simulation/build/CMakeFiles/CMakeTmp/CMAKE_TRY_COMPILE.build/Debug/cmTC_dd28a.build/DerivedSources/x86_64 -I/Users/yuasatakuhiroshi/GitHub/simulation/build/CMakeFiles/CMakeTmp/CMAKE_TRY_COMPILE.build/Debug/cmTC_dd28a.build/DerivedSources -Wmost -Wno-four-char-constants -Wno-unknown-pragmas -F/Users/yuasatakuhiroshi/GitHub/simulation/build/CMakeFiles/CMakeTmp/Debug -fopenmp=libomp -Wno-unused-command-line-argument -MMD -MT dependencies -MF /Users/yuasatakuhiroshi/GitHub/simulation/build/CMakeFiles/CMakeTmp/CMAKE_TRY_COMPILE.build/Debug/cmTC_dd28a.build/Objects-normal/x86_64/OpenMPCheckVersion.d --serialize-diagnostics /Users/yuasatakuhiroshi/GitHub/simulation/build/CMakeFiles/CMakeTmp/CMAKE_TRY_COMPILE.build/Debug/cmTC_dd28a.build/Objects-normal/x86_64/OpenMPCheckVersion.dia -c /Users/yuasatakuhiroshi/GitHub/simulation/build/CMakeFiles/FindOpenMP/OpenMPCheckVersion.cpp -o /Users/yuasatakuhiroshi/GitHub/simulation/build/CMakeFiles/CMakeTmp/CMAKE_TRY_COMPILE.build/Debug/cmTC_dd28a.build/Objects-normal/x86_64/OpenMPCheckVersion.o
clang: error: unsupported argument 'libomp' to option 'fopenmp='

** BUILD FAILED **


The following build commands failed:
	CompileC CMAKE_TRY_COMPILE.build/Debug/cmTC_dd28a.build/Objects-normal/x86_64/OpenMPCheckVersion.o /Users/yuasatakuhiroshi/GitHub/simulation/build/CMakeFiles/FindOpenMP/OpenMPCheckVersion.cpp normal x86_64 c++ com.apple.compilers.llvm.clang.1_0.compiler
(1 failure)



